1498929312653	geckodriver	INFO	Listening on 127.0.0.1:58367
1498929314670	geckodriver::marionette	INFO	Starting browser C:\Program Files\Mozilla Firefox\firefox.exe with args ["-marionette"]
1498929318175	Marionette	INFO	Listening on port 58377
1498929318402	Marionette	WARN	TLS certificate errors will be ignored for this session
*************************
A coding exception was thrown and uncaught in a Task.

Full message: TypeError: NetworkError when attempting to fetch resource.
Full stack: 
*************************
1498930226472	Marionette	INFO	Ceased listening
1498930609119	geckodriver	INFO	Listening on 127.0.0.1:59815
1498930611189	geckodriver::marionette	INFO	Starting browser C:\Program Files\Mozilla Firefox\firefox.exe with args ["-marionette"]
1498930614936	Marionette	INFO	Listening on port 59822
1498930615346	Marionette	WARN	TLS certificate errors will be ignored for this session
1498930792313	geckodriver	INFO	Listening on 127.0.0.1:59931
1498930794381	geckodriver::marionette	INFO	Starting browser C:\Program Files\Mozilla Firefox\firefox.exe with args ["-marionette"]
1498930798078	Marionette	INFO	Listening on port 59937
1498930798553	Marionette	WARN	TLS certificate errors will be ignored for this session
1498931393360	Marionette	INFO	Ceased listening
1498931521568	geckodriver	INFO	Listening on 127.0.0.1:61313
1498931523630	geckodriver::marionette	INFO	Starting browser C:\Program Files\Mozilla Firefox\firefox.exe with args ["-marionette"]
1498931526816	Marionette	INFO	Listening on port 61319
1498931527314	Marionette	WARN	TLS certificate errors will be ignored for this session
JavaScript error: http://static.bshare.cn/b/buttonLite.js#style=-1&uuid=bc0226c9-eda5-40fc-aacf-fa715aee7210, line 3: TypeError: a is undefined
1498963076353	geckodriver	INFO	Listening on 127.0.0.1:62865
1498963078427	geckodriver::marionette	INFO	Starting browser C:\Program Files\Mozilla Firefox\firefox.exe with args ["-marionette"]
1498963081633	Marionette	INFO	Listening on port 62874
1498963082093	Marionette	WARN	TLS certificate errors will be ignored for this session
1498963091275	geckodriver	INFO	Listening on 127.0.0.1:62932
1498963093345	geckodriver::marionette	INFO	Starting browser C:\Program Files\Mozilla Firefox\firefox.exe with args ["-marionette"]
1498963096661	Marionette	INFO	Listening on port 62940
1498963097052	Marionette	WARN	TLS certificate errors will be ignored for this session
1498963303316	geckodriver	INFO	Listening on 127.0.0.1:63521
1498963305385	geckodriver::marionette	INFO	Starting browser C:\Program Files\Mozilla Firefox\firefox.exe with args ["-marionette"]
1498963308710	Marionette	INFO	Listening on port 63529
1498963309055	Marionette	WARN	TLS certificate errors will be ignored for this session
1498963504169	Marionette	INFO	Ceased listening
0.0.1:64109
1498963508396	geckodriver	INFO	Listening on 127.0.0.1:64135
1498963510448	geckodriver::marionette	INFO	Starting browser C:\Program Files\Mozilla Firefox\firefox.exe with args ["-marionette"]
1498963513765	Marionette	INFO	Listening on port 64145
1498963514127	Marionette	WARN	TLS certificate errors will be ignored for this session
1498964672082	geckodriver	INFO	Listening on 127.0.0.1:49850
1498964674130	geckodriver::marionette	INFO	Starting browser C:\Program Files\Mozilla Firefox\firefox.exe with args ["-marionette"]
1498964677499	Marionette	INFO	Listening on port 49858
1498964677788	Marionette	WARN	TLS certificate errors will be ignored for this session
1498964873360	Marionette	INFO	Ceased listening
1498964875086	geckodriver	INFO	Listening on 127.0.0.1:50469
1498964877141	geckodriver::marionette	INFO	Starting browser C:\Program Files\Mozilla Firefox\firefox.exe with args ["-marionette"]
1498964880435	Marionette	INFO	Listening on port 50477
1498964880839	Marionette	WARN	TLS certificate errors will be ignored for this session
1498965193419	Marionette	INFO	Ceased listening
0.0.1:51246
1498965192749	geckodriver::marionette	INFO	Starting browser C:\Program Files\Mozilla Firefox\firefox.exe with args ["-marionette"]
1498965196860	geckodriver	INFO	Listening on 127.0.0.1:51266
1498965198977	geckodriver::marionette	INFO	Starting browser C:\Program Files\Mozilla Firefox\firefox.exe with args ["-marionette"]
1498965201881	Marionette	INFO	Listening on port 51276
1498965202170	Marionette	WARN	TLS certificate errors will be ignored for this session
*************************
A coding exception was thrown and uncaught in a Task.

Full message: TypeError: NetworkError when attempting to fetch resource.
Full stack: 
*************************
1498967553721	Marionette	INFO	Ceased listening
498965411913	Marionette	WARN	TLS certificate errors will be ignored for this session
1498965777942	geckodriver	INFO	Listening on 127.0.0.1:53365
1498965780010	geckodriver::marionette	INFO	Starting browser C:\Program Files\Mozilla Firefox\firefox.exe with args ["-marionette"]
1498965783292	Marionette	INFO	Listening on port 53377
1498965783693	Marionette	WARN	TLS certificate errors will be ignored for this session
*************************
A coding exception was thrown and uncaught in a Task.

Full message: TypeError: NetworkError when attempting to fetch resource.
Full stack: 
*************************
1498967553728	Marionette	INFO	Ceased listening
1498967565948	geckodriver	INFO	Listening on 127.0.0.1:56126
1498967568008	geckodriver::marionette	INFO	Starting browser C:\Program Files\Mozilla Firefox\firefox.exe with args ["-marionette"]
1498967571194	Marionette	INFO	Listening on port 56137
1498967571659	Marionette	WARN	TLS certificate errors will be ignored for this session
*************************
A coding exception was thrown and uncaught in a Task.

Full message: TypeError: NetworkError when attempting to fetch resource.
Full stack: 
*************************
1498970165542	Marionette	INFO	Ceased listening
0.0.1:59996
1498968850168	geckodriver::marionette	INFO	Starting browser C:\Program Files\Mozilla Firefox\firefox.exe with args ["-marionette"]
1498968853456	Marionette	INFO	Listening on port 60004
1498968853813	Marionette	WARN	TLS certificate errors will be ignored for this session
*************************
A coding exception was thrown and uncaught in a Task.

Full message: TypeError: NetworkError when attempting to fetch resource.
Full stack: 
*************************
1498970160407	geckodriver	INFO	Listening on 127.0.0.1:62208
1498970162437	geckodriver::marionette	INFO	Starting browser C:\Program Files\Mozilla Firefox\firefox.exe with args ["-marionette"]
1498970183310	geckodriver	INFO	Listening on 127.0.0.1:62251
1498970185359	geckodriver::marionette	INFO	Starting browser C:\Program Files\Mozilla Firefox\firefox.exe with args ["-marionette"]
1498970188297	Marionette	INFO	Listening on port 62259
1498970188609	Marionette	WARN	TLS certificate errors will be ignored for this session
1498970531506	geckodriver	INFO	Listening on 127.0.0.1:63086
1498970533571	geckodriver::marionette	INFO	Starting browser C:\Program Files\Mozilla Firefox\firefox.exe with args ["-marionette"]
1498970536591	Marionette	INFO	Listening on port 63094
1498970536788	Marionette	WARN	TLS certificate errors will be ignored for this session
*************************
A coding exception was thrown and uncaught in a Task.

Full message: TypeError: NetworkError when attempting to fetch resource.
Full stack: 
*************************
1498973523905	Marionette	INFO	Ceased listening
0.0.1:49228
1498971892287	geckodriver::marionette	INFO	Starting browser C:\Program Files\Mozilla Firefox\firefox.exe with args ["-marionette"]
1498971895691	Marionette	INFO	Listening on port 49236
1498971895964	Marionette	WARN	TLS certificate errors will be ignored for this session
1498972036305	geckodriver	INFO	Listening on 127.0.0.1:49542
1498972038345	geckodriver::marionette	INFO	Starting browser C:\Program Files\Mozilla Firefox\firefox.exe with args ["-marionette"]
1498972041460	Marionette	INFO	Listening on port 49553
1498972041718	Marionette	WARN	TLS certificate errors will be ignored for this session
1498972673506	geckodriver	INFO	Listening on 127.0.0.1:50901
1498972675553	geckodriver::marionette	INFO	Starting browser C:\Program Files\Mozilla Firefox\firefox.exe with args ["-marionette"]
1498972678845	Marionette	INFO	Listening on port 50909
1498972679204	Marionette	WARN	TLS certificate errors will be ignored for this session
*************************
A coding exception was thrown and uncaught in a Task.

Full message: TypeError: NetworkError when attempting to fetch resource.
Full stack: 
*************************
1498973523826	Marionette	INFO	Ceased listening
498973009577	Marionette	WARN	TLS certificate errors will be ignored for this session
1498973611921	geckodriver	INFO	Listening on 127.0.0.1:52453
1498973613981	geckodriver::marionette	INFO	Starting browser C:\Program Files\Mozilla Firefox\firefox.exe with args ["-marionette"]
1498973617218	Marionette	INFO	Listening on port 52459
1498973617617	Marionette	WARN	TLS certificate errors will be ignored for this session
